<?xml version="1.0" encoding="utf-8"?><testsuites name="pytest tests"><testsuite name="pytest" errors="0" failures="0" skipped="0" tests="21" time="3.023" timestamp="2026-04-26T14:57:05.671466+05:30" hostname="stavan-khobare-ASUS-TUF-Gaming-F15-FX506LH-FX566LH"><testcase classname="tests.test_environment" name="test_reset_is_deterministic_per_seed" time="0.002" /><testcase classname="tests.test_environment" name="test_different_seeds_produce_different_event_orders" time="0.012" /><testcase classname="tests.test_environment" name="test_observation_schema" time="0.001" /><testcase classname="tests.test_environment" name="test_npc_role_set_and_weights" time="0.000" /><testcase classname="tests.test_environment" name="test_episode_terminates_at_or_before_ten_rounds" time="0.003" /><testcase classname="tests.test_environment" name="test_step_returns_required_fields" time="0.001" /><testcase classname="tests.test_environment" name="test_per_step_reward_dense_and_bounded_until_terminal" time="0.002" /><testcase classname="tests.test_environment" name="test_format_penalty_for_invalid_decision" time="0.063" /><testcase classname="tests.test_environment" name="test_pitch_bootstrap_increases_reward_vs_empty_pitch" time="0.022" /><testcase classname="tests.test_environment" name="test_profitability_score_in_range" time="0.001" /><testcase classname="tests.test_environment" name="test_trust_persists_and_updates" time="0.001" /><testcase classname="tests.test_environment" name="test_ceo_weight_dominates_when_no_persuasion" time="0.026" /><testcase classname="tests.test_environment" name="test_random_policy_survives_majority_of_episodes" time="0.040" /><testcase classname="tests.test_inference_helpers" name="test_parses_well_formed_two_line_completion" time="0.000" /><testcase classname="tests.test_inference_helpers" name="test_falls_back_to_substring_match_when_format_partially_broken" time="0.000" /><testcase classname="tests.test_inference_helpers" name="test_returns_first_option_when_completion_unintelligible" time="0.000" /><testcase classname="tests.test_inference_helpers" name="test_pitch_clipped_to_first_line" time="0.000" /><testcase classname="tests.test_inference_helpers" name="test_keyword_pitch_score_rewards_role_alignment" time="0.000" /><testcase classname="tests.test_inference_helpers" name="test_keyword_pitch_score_zero_on_empty_pitch" time="0.000" /><testcase classname="tests.test_inference_helpers" name="test_random_policy_act_returns_valid_option" time="0.000" /><testcase classname="tests.test_inference_helpers" name="test_run_summary_aggregates_metrics_correctly" time="0.000" /></testsuite></testsuites>